<?xml version="1.0" encoding="UTF-8"?>
<testng-results ignored="0" total="2" passed="2" failed="0" skipped="0">
  <reporter-output>
  </reporter-output>
  <suite started-at="2022-02-27T00:39:21 IST" name="Surefire suite" finished-at="2022-02-27T00:39:42 IST" duration-ms="21316">
    <groups>
    </groups>
    <test started-at="2022-02-27T00:39:21 IST" name="Surefire test" finished-at="2022-02-27T00:39:42 IST" duration-ms="21316">
      <class name="Maven_POM_Ecomm.HomePageTest">
        <test-method is-config="true" signature="InitializeSession()[pri:0, instance:Maven_POM_Ecomm.HomePageTest@69930714]" started-at="2022-02-27T00:39:21 IST" name="InitializeSession" finished-at="2022-02-27T00:39:37 IST" duration-ms="16329" status="PASS">
          <reporter-output>
          </reporter-output>
        </test-method> <!-- InitializeSession -->
        <test-method signature="VerifyTitle()[pri:0, instance:Maven_POM_Ecomm.HomePageTest@69930714]" started-at="2022-02-27T00:39:37 IST" name="VerifyTitle" finished-at="2022-02-27T00:39:37 IST" duration-ms="121" status="PASS">
          <reporter-output>
          </reporter-output>
        </test-method> <!-- VerifyTitle -->
        <test-method signature="VerifyingSignInClick()[pri:0, instance:Maven_POM_Ecomm.HomePageTest@69930714]" started-at="2022-02-27T00:39:37 IST" name="VerifyingSignInClick" finished-at="2022-02-27T00:39:41 IST" duration-ms="3538" status="PASS">
          <reporter-output>
          </reporter-output>
        </test-method> <!-- VerifyingSignInClick -->
        <test-method is-config="true" signature="EndSession()[pri:0, instance:Maven_POM_Ecomm.HomePageTest@69930714]" started-at="2022-02-27T00:39:41 IST" name="EndSession" finished-at="2022-02-27T00:39:42 IST" duration-ms="1032" status="PASS">
          <reporter-output>
          </reporter-output>
        </test-method> <!-- EndSession -->
      </class> <!-- Maven_POM_Ecomm.HomePageTest -->
    </test> <!-- Surefire test -->
  </suite> <!-- Surefire suite -->
</testng-results>
