<?xml version="1.0" encoding="UTF-8"?>
<testng-results ignored="0" total="2" passed="2" failed="0" skipped="0">
  <reporter-output>
  </reporter-output>
  <suite started-at="2022-02-27T00:37:08 IST" name="Default suite" finished-at="2022-02-27T00:37:31 IST" duration-ms="22646">
    <groups>
    </groups>
    <test started-at="2022-02-27T00:37:08 IST" name="Default test" finished-at="2022-02-27T00:37:31 IST" duration-ms="22646">
      <class name="Maven_POM_Ecomm.HomePageTest">
        <test-method is-config="true" signature="InitializeSession()[pri:0, instance:Maven_POM_Ecomm.HomePageTest@3527942a]" started-at="2022-02-27T00:37:08 IST" name="InitializeSession" finished-at="2022-02-27T00:37:25 IST" duration-ms="16672" status="PASS">
          <reporter-output>
          </reporter-output>
        </test-method> <!-- InitializeSession -->
        <test-method signature="VerifyTitle()[pri:0, instance:Maven_POM_Ecomm.HomePageTest@3527942a]" started-at="2022-02-27T00:37:25 IST" name="VerifyTitle" finished-at="2022-02-27T00:37:25 IST" duration-ms="60" status="PASS">
          <reporter-output>
          </reporter-output>
        </test-method> <!-- VerifyTitle -->
        <test-method signature="VerifyingSignInClick()[pri:0, instance:Maven_POM_Ecomm.HomePageTest@3527942a]" started-at="2022-02-27T00:37:25 IST" name="VerifyingSignInClick" finished-at="2022-02-27T00:37:29 IST" duration-ms="4217" status="PASS">
          <reporter-output>
          </reporter-output>
        </test-method> <!-- VerifyingSignInClick -->
        <test-method is-config="true" signature="EndSession()[pri:0, instance:Maven_POM_Ecomm.HomePageTest@3527942a]" started-at="2022-02-27T00:37:29 IST" name="EndSession" finished-at="2022-02-27T00:37:31 IST" duration-ms="1452" status="PASS">
          <reporter-output>
          </reporter-output>
        </test-method> <!-- EndSession -->
      </class> <!-- Maven_POM_Ecomm.HomePageTest -->
    </test> <!-- Default test -->
  </suite> <!-- Default suite -->
</testng-results>
